[2020-01-07 05:47:23] local.ERROR: Undefined property: stdClass::$section_id {"exception":"[object] (ErrorException(code: 0): Undefined property: stdClass::$section_id at /home/admin/web/gyanganga.ac.in/public_html/laraapi/app/Http/Controllers/PrincipalapiController.php:746)
[stacktrace]
#0 /home/admin/web/gyanganga.ac.in/public_html/laraapi/app/Http/Controllers/PrincipalapiController.php(746): Illuminate\\Foundation\\Bootstrap\\HandleExceptions->handleError(8, 'Undefined prope...', '/home/admin/web...', 746, Array)
#1 [internal function]: App\\Http\\Controllers\\PrincipalapiController->appstatuscount()
#2 /home/admin/web/gyanganga.ac.in/public_html/laraapi/vendor/laravel/framework/src/Illuminate/Routing/Controller.php(54): call_user_func_array(Array, Array)
#3 /home/admin/web/gyanganga.ac.in/public_html/laraapi/vendor/laravel/framework/src/Illuminate/Routing/ControllerDispatcher.php(45): Illuminate\\Routing\\Controller->callAction('appstatuscount', Array)
#4 /home/admin/web/gyanganga.ac.in/public_html/laraapi/vendor/laravel/framework/src/Illuminate/Routing/Route.php(219): Illuminate\\Routing\\ControllerDispatcher->dispatch(Object(Illuminate\\Routing\\Route), Object(App\\Http\\Controllers\\PrincipalapiController), 'appstatuscount')
#5 /home/admin/web/gyanganga.ac.in/public_html/laraapi/vendor/laravel/framework/src/Illuminate/Routing/Route.php(176): Illuminate\\Routing\\Route->runController()
#6 /home/admin/web/gyanganga.ac.in/public_html/laraapi/vendor/laravel/framework/src/Illuminate/Routing/Router.php(680): Illuminate\\Routing\\Route->run()
#7 /home/admin/web/gyanganga.ac.in/public_html/laraapi/vendor/laravel/framework/src/Illuminate/Pipeline/Pipeline.php(132): Illuminate\\Routing\\Router->Illuminate\\Routing\\{closure}(Object(Illuminate\\Http\\Request))
#8 /home/admin/web/gyanganga.ac.in/public_html/laraapi/vendor/laravel/framework/src/Illuminate/Routing/Middleware/SubstituteBindings.php(41): Illuminate\\Pipeline\\Pipeline->Illuminate\\Pipeline\\{closure}(Object(Illuminate\\Http\\Request))
#9 /home/admin/web/gyanganga.ac.in/public_html/laraapi/vendor/laravel/framework/src/Illuminate/Pipeline/Pipeline.php(173): Illuminate\\Routing\\Middleware\\SubstituteBindings->handle(Object(Illuminate\\Http\\Request), Object(Closure))
#10 /home/admin/web/gyanganga.ac.in/public_html/laraapi/vendor/laravel/framework/src/Illuminate/Routing/Middleware/ThrottleRequests.php(59): Illuminate\\Pipeline\\Pipeline->Illuminate\\Pipeline\\{closure}(Object(Illuminate\\Http\\Request))
#11 /home/admin/web/gyanganga.ac.in/public_html/laraapi/vendor/laravel/framework/src/Illuminate/Pipeline/Pipeline.php(173): Illuminate\\Routing\\Middleware\\ThrottleRequests->handle(Object(Illuminate\\Http\\Request), Object(Closure), 60, '1')
#12 /home/admin/web/gyanganga.ac.in/public_html/laraapi/vendor/laravel/framework/src/Illuminate/Pipeline/Pipeline.php(107): Illuminate\\Pipeline\\Pipeline->Illuminate\\Pipeline\\{closure}(Object(Illuminate\\Http\\Request))
#13 /home/admin/web/gyanganga.ac.in/public_html/laraapi/vendor/laravel/framework/src/Illuminate/Routing/Router.php(682): Illuminate\\Pipeline\\Pipeline->then(Object(Closure))
#14 /home/admin/web/gyanganga.ac.in/public_html/laraapi/vendor/laravel/framework/src/Illuminate/Routing/Router.php(657): Illuminate\\Routing\\Router->runRouteWithinStack(Object(Illuminate\\Routing\\Route), Object(Illuminate\\Http\\Request))
#15 /home/admin/web/gyanganga.ac.in/public_html/laraapi/vendor/laravel/framework/src/Illuminate/Routing/Router.php(623): Illuminate\\Routing\\Router->runRoute(Object(Illuminate\\Http\\Request), Object(Illuminate\\Routing\\Route))
#16 /home/admin/web/gyanganga.ac.in/public_html/laraapi/vendor/laravel/framework/src/Illuminate/Routing/Router.php(612): Illuminate\\Routing\\Router->dispatchToRoute(Object(Illuminate\\Http\\Request))
#17 /home/admin/web/gyanganga.ac.in/public_html/laraapi/vendor/laravel/framework/src/Illuminate/Foundation/Http/Kernel.php(176): Illuminate\\Routing\\Router->dispatch(Object(Illuminate\\Http\\Request))
#18 /home/admin/web/gyanganga.ac.in/public_html/laraapi/vendor/laravel/framework/src/Illuminate/Pipeline/Pipeline.php(132): Illuminate\\Foundation\\Http\\Kernel->Illuminate\\Foundation\\Http\\{closure}(Object(Illuminate\\Http\\Request))
#19 /home/admin/web/gyanganga.ac.in/public_html/laraapi/vendor/laravel/framework/src/Illuminate/Foundation/Http/Middleware/TransformsRequest.php(21): Illuminate\\Pipeline\\Pipeline->Illuminate\\Pipeline\\{closure}(Object(Illuminate\\Http\\Request))
#20 /home/admin/web/gyanganga.ac.in/public_html/laraapi/vendor/laravel/framework/src/Illuminate/Pipeline/Pipeline.php(173): Illuminate\\Foundation\\Http\\Middleware\\TransformsRequest->handle(Object(Illuminate\\Http\\Request), Object(Closure))
#21 /home/admin/web/gyanganga.ac.in/public_html/laraapi/vendor/laravel/framework/src/Illuminate/Foundation/Http/Middleware/TransformsRequest.php(21): Illuminate\\Pipeline\\Pipeline->Illuminate\\Pipeline\\{closure}(Object(Illuminate\\Http\\Request))
#22 /home/admin/web/gyanganga.ac.in/public_html/laraapi/vendor/laravel/framework/src/Illuminate/Pipeline/Pipeline.php(173): Illuminate\\Foundation\\Http\\Middleware\\TransformsRequest->handle(Object(Illuminate\\Http\\Request), Object(Closure))
#23 /home/admin/web/gyanganga.ac.in/public_html/laraapi/vendor/laravel/framework/src/Illuminate/Foundation/Http/Middleware/ValidatePostSize.php(27): Illuminate\\Pipeline\\Pipeline->Illuminate\\Pipeline\\{closure}(Object(Illuminate\\Http\\Request))
#24 /home/admin/web/gyanganga.ac.in/public_html/laraapi/vendor/laravel/framework/src/Illuminate/Pipeline/Pipeline.php(173): Illuminate\\Foundation\\Http\\Middleware\\ValidatePostSize->handle(Object(Illuminate\\Http\\Request), Object(Closure))
#25 /home/admin/web/gyanganga.ac.in/public_html/laraapi/vendor/laravel/framework/src/Illuminate/Foundation/Http/Middleware/CheckForMaintenanceMode.php(62): Illuminate\\Pipeline\\Pipeline->Illuminate\\Pipeline\\{closure}(Object(Illuminate\\Http\\Request))
#26 /home/admin/web/gyanganga.ac.in/public_html/laraapi/vendor/laravel/framework/src/Illuminate/Pipeline/Pipeline.php(173): Illuminate\\Foundation\\Http\\Middleware\\CheckForMaintenanceMode->handle(Object(Illuminate\\Http\\Request), Object(Closure))
#27 /home/admin/web/gyanganga.ac.in/public_html/laraapi/vendor/fideloper/proxy/src/TrustProxies.php(57): Illuminate\\Pipeline\\Pipeline->Illuminate\\Pipeline\\{closure}(Object(Illuminate\\Http\\Request))
#28 /home/admin/web/gyanganga.ac.in/public_html/laraapi/vendor/laravel/framework/src/Illuminate/Pipeline/Pipeline.php(173): Fideloper\\Proxy\\TrustProxies->handle(Object(Illuminate\\Http\\Request), Object(Closure))
#29 /home/admin/web/gyanganga.ac.in/public_html/laraapi/vendor/laravel/framework/src/Illuminate/Pipeline/Pipeline.php(107): Illuminate\\Pipeline\\Pipeline->Illuminate\\Pipeline\\{closure}(Object(Illuminate\\Http\\Request))
#30 /home/admin/web/gyanganga.ac.in/public_html/laraapi/vendor/laravel/framework/src/Illuminate/Foundation/Http/Kernel.php(151): Illuminate\\Pipeline\\Pipeline->then(Object(Closure))
#31 /home/admin/web/gyanganga.ac.in/public_html/laraapi/vendor/laravel/framework/src/Illuminate/Foundation/Http/Kernel.php(116): Illuminate\\Foundation\\Http\\Kernel->sendRequestThroughRouter(Object(Illuminate\\Http\\Request))
#32 /home/admin/web/gyanganga.ac.in/public_html/laraapi/public/index.php(55): Illuminate\\Foundation\\Http\\Kernel->handle(Object(Illuminate\\Http\\Request))
#33 {main}
"} 
