[2020-08-27 07:22:27] local.ERROR: Undefined variable: date {"exception":"[object] (ErrorException(code: 0): Undefined variable: date at /home/admin/web/jpacademymeerut.com/public_html/principal_laravel/app/Http/Controllers/PrincipalapiController.php:417)
[stacktrace]
#0 /home/admin/web/jpacademymeerut.com/public_html/principal_laravel/app/Http/Controllers/PrincipalapiController.php(417): Illuminate\\Foundation\\Bootstrap\\HandleExceptions->handleError(8, 'Undefined varia...', '/home/admin/web...', 417, Array)
#1 [internal function]: App\\Http\\Controllers\\PrincipalapiController->TeacherAttendance(Object(Illuminate\\Http\\Request))
#2 /home/admin/web/jpacademymeerut.com/public_html/principal_laravel/vendor/laravel/framework/src/Illuminate/Routing/Controller.php(54): call_user_func_array(Array, Array)
#3 /home/admin/web/jpacademymeerut.com/public_html/principal_laravel/vendor/laravel/framework/src/Illuminate/Routing/ControllerDispatcher.php(45): Illuminate\\Routing\\Controller->callAction('TeacherAttendan...', Array)
#4 /home/admin/web/jpacademymeerut.com/public_html/principal_laravel/vendor/laravel/framework/src/Illuminate/Routing/Route.php(219): Illuminate\\Routing\\ControllerDispatcher->dispatch(Object(Illuminate\\Routing\\Route), Object(App\\Http\\Controllers\\PrincipalapiController), 'TeacherAttendan...')
#5 /home/admin/web/jpacademymeerut.com/public_html/principal_laravel/vendor/laravel/framework/src/Illuminate/Routing/Route.php(176): Illuminate\\Routing\\Route->runController()
#6 /home/admin/web/jpacademymeerut.com/public_html/principal_laravel/vendor/laravel/framework/src/Illuminate/Routing/Router.php(680): Illuminate\\Routing\\Route->run()
#7 /home/admin/web/jpacademymeerut.com/public_html/principal_laravel/vendor/laravel/framework/src/Illuminate/Pipeline/Pipeline.php(132): Illuminate\\Routing\\Router->Illuminate\\Routing\\{closure}(Object(Illuminate\\Http\\Request))
#8 /home/admin/web/jpacademymeerut.com/public_html/principal_laravel/vendor/laravel/framework/src/Illuminate/Routing/Middleware/SubstituteBindings.php(41): Illuminate\\Pipeline\\Pipeline->Illuminate\\Pipeline\\{closure}(Object(Illuminate\\Http\\Request))
#9 /home/admin/web/jpacademymeerut.com/public_html/principal_laravel/vendor/laravel/framework/src/Illuminate/Pipeline/Pipeline.php(173): Illuminate\\Routing\\Middleware\\SubstituteBindings->handle(Object(Illuminate\\Http\\Request), Object(Closure))
#10 /home/admin/web/jpacademymeerut.com/public_html/principal_laravel/vendor/laravel/framework/src/Illuminate/Routing/Middleware/ThrottleRequests.php(59): Illuminate\\Pipeline\\Pipeline->Illuminate\\Pipeline\\{closure}(Object(Illuminate\\Http\\Request))
#11 /home/admin/web/jpacademymeerut.com/public_html/principal_laravel/vendor/laravel/framework/src/Illuminate/Pipeline/Pipeline.php(173): Illuminate\\Routing\\Middleware\\ThrottleRequests->handle(Object(Illuminate\\Http\\Request), Object(Closure), 60, '1')
#12 /home/admin/web/jpacademymeerut.com/public_html/principal_laravel/vendor/laravel/framework/src/Illuminate/Pipeline/Pipeline.php(107): Illuminate\\Pipeline\\Pipeline->Illuminate\\Pipeline\\{closure}(Object(Illuminate\\Http\\Request))
#13 /home/admin/web/jpacademymeerut.com/public_html/principal_laravel/vendor/laravel/framework/src/Illuminate/Routing/Router.php(682): Illuminate\\Pipeline\\Pipeline->then(Object(Closure))
#14 /home/admin/web/jpacademymeerut.com/public_html/principal_laravel/vendor/laravel/framework/src/Illuminate/Routing/Router.php(657): Illuminate\\Routing\\Router->runRouteWithinStack(Object(Illuminate\\Routing\\Route), Object(Illuminate\\Http\\Request))
#15 /home/admin/web/jpacademymeerut.com/public_html/principal_laravel/vendor/laravel/framework/src/Illuminate/Routing/Router.php(623): Illuminate\\Routing\\Router->runRoute(Object(Illuminate\\Http\\Request), Object(Illuminate\\Routing\\Route))
#16 /home/admin/web/jpacademymeerut.com/public_html/principal_laravel/vendor/laravel/framework/src/Illuminate/Routing/Router.php(612): Illuminate\\Routing\\Router->dispatchToRoute(Object(Illuminate\\Http\\Request))
#17 /home/admin/web/jpacademymeerut.com/public_html/principal_laravel/vendor/laravel/framework/src/Illuminate/Foundation/Http/Kernel.php(176): Illuminate\\Routing\\Router->dispatch(Object(Illuminate\\Http\\Request))
#18 /home/admin/web/jpacademymeerut.com/public_html/principal_laravel/vendor/laravel/framework/src/Illuminate/Pipeline/Pipeline.php(132): Illuminate\\Foundation\\Http\\Kernel->Illuminate\\Foundation\\Http\\{closure}(Object(Illuminate\\Http\\Request))
#19 /home/admin/web/jpacademymeerut.com/public_html/principal_laravel/vendor/laravel/framework/src/Illuminate/Foundation/Http/Middleware/TransformsRequest.php(21): Illuminate\\Pipeline\\Pipeline->Illuminate\\Pipeline\\{closure}(Object(Illuminate\\Http\\Request))
#20 /home/admin/web/jpacademymeerut.com/public_html/principal_laravel/vendor/laravel/framework/src/Illuminate/Pipeline/Pipeline.php(173): Illuminate\\Foundation\\Http\\Middleware\\TransformsRequest->handle(Object(Illuminate\\Http\\Request), Object(Closure))
#21 /home/admin/web/jpacademymeerut.com/public_html/principal_laravel/vendor/laravel/framework/src/Illuminate/Foundation/Http/Middleware/TransformsRequest.php(21): Illuminate\\Pipeline\\Pipeline->Illuminate\\Pipeline\\{closure}(Object(Illuminate\\Http\\Request))
#22 /home/admin/web/jpacademymeerut.com/public_html/principal_laravel/vendor/laravel/framework/src/Illuminate/Pipeline/Pipeline.php(173): Illuminate\\Foundation\\Http\\Middleware\\TransformsRequest->handle(Object(Illuminate\\Http\\Request), Object(Closure))
#23 /home/admin/web/jpacademymeerut.com/public_html/principal_laravel/vendor/laravel/framework/src/Illuminate/Foundation/Http/Middleware/ValidatePostSize.php(27): Illuminate\\Pipeline\\Pipeline->Illuminate\\Pipeline\\{closure}(Object(Illuminate\\Http\\Request))
#24 /home/admin/web/jpacademymeerut.com/public_html/principal_laravel/vendor/laravel/framework/src/Illuminate/Pipeline/Pipeline.php(173): Illuminate\\Foundation\\Http\\Middleware\\ValidatePostSize->handle(Object(Illuminate\\Http\\Request), Object(Closure))
#25 /home/admin/web/jpacademymeerut.com/public_html/principal_laravel/vendor/laravel/framework/src/Illuminate/Foundation/Http/Middleware/CheckForMaintenanceMode.php(62): Illuminate\\Pipeline\\Pipeline->Illuminate\\Pipeline\\{closure}(Object(Illuminate\\Http\\Request))
#26 /home/admin/web/jpacademymeerut.com/public_html/principal_laravel/vendor/laravel/framework/src/Illuminate/Pipeline/Pipeline.php(173): Illuminate\\Foundation\\Http\\Middleware\\CheckForMaintenanceMode->handle(Object(Illuminate\\Http\\Request), Object(Closure))
#27 /home/admin/web/jpacademymeerut.com/public_html/principal_laravel/vendor/fideloper/proxy/src/TrustProxies.php(57): Illuminate\\Pipeline\\Pipeline->Illuminate\\Pipeline\\{closure}(Object(Illuminate\\Http\\Request))
#28 /home/admin/web/jpacademymeerut.com/public_html/principal_laravel/vendor/laravel/framework/src/Illuminate/Pipeline/Pipeline.php(173): Fideloper\\Proxy\\TrustProxies->handle(Object(Illuminate\\Http\\Request), Object(Closure))
#29 /home/admin/web/jpacademymeerut.com/public_html/principal_laravel/vendor/laravel/framework/src/Illuminate/Pipeline/Pipeline.php(107): Illuminate\\Pipeline\\Pipeline->Illuminate\\Pipeline\\{closure}(Object(Illuminate\\Http\\Request))
#30 /home/admin/web/jpacademymeerut.com/public_html/principal_laravel/vendor/laravel/framework/src/Illuminate/Foundation/Http/Kernel.php(151): Illuminate\\Pipeline\\Pipeline->then(Object(Closure))
#31 /home/admin/web/jpacademymeerut.com/public_html/principal_laravel/vendor/laravel/framework/src/Illuminate/Foundation/Http/Kernel.php(116): Illuminate\\Foundation\\Http\\Kernel->sendRequestThroughRouter(Object(Illuminate\\Http\\Request))
#32 /home/admin/web/jpacademymeerut.com/public_html/principal_laravel/public/index.php(55): Illuminate\\Foundation\\Http\\Kernel->handle(Object(Illuminate\\Http\\Request))
#33 {main}
"} 
[2020-08-27 07:23:15] local.ERROR: Undefined variable: date {"exception":"[object] (ErrorException(code: 0): Undefined variable: date at /home/admin/web/jpacademymeerut.com/public_html/principal_laravel/app/Http/Controllers/PrincipalapiController.php:417)
[stacktrace]
#0 /home/admin/web/jpacademymeerut.com/public_html/principal_laravel/app/Http/Controllers/PrincipalapiController.php(417): Illuminate\\Foundation\\Bootstrap\\HandleExceptions->handleError(8, 'Undefined varia...', '/home/admin/web...', 417, Array)
#1 [internal function]: App\\Http\\Controllers\\PrincipalapiController->TeacherAttendance(Object(Illuminate\\Http\\Request))
#2 /home/admin/web/jpacademymeerut.com/public_html/principal_laravel/vendor/laravel/framework/src/Illuminate/Routing/Controller.php(54): call_user_func_array(Array, Array)
#3 /home/admin/web/jpacademymeerut.com/public_html/principal_laravel/vendor/laravel/framework/src/Illuminate/Routing/ControllerDispatcher.php(45): Illuminate\\Routing\\Controller->callAction('TeacherAttendan...', Array)
#4 /home/admin/web/jpacademymeerut.com/public_html/principal_laravel/vendor/laravel/framework/src/Illuminate/Routing/Route.php(219): Illuminate\\Routing\\ControllerDispatcher->dispatch(Object(Illuminate\\Routing\\Route), Object(App\\Http\\Controllers\\PrincipalapiController), 'TeacherAttendan...')
#5 /home/admin/web/jpacademymeerut.com/public_html/principal_laravel/vendor/laravel/framework/src/Illuminate/Routing/Route.php(176): Illuminate\\Routing\\Route->runController()
#6 /home/admin/web/jpacademymeerut.com/public_html/principal_laravel/vendor/laravel/framework/src/Illuminate/Routing/Router.php(680): Illuminate\\Routing\\Route->run()
#7 /home/admin/web/jpacademymeerut.com/public_html/principal_laravel/vendor/laravel/framework/src/Illuminate/Pipeline/Pipeline.php(132): Illuminate\\Routing\\Router->Illuminate\\Routing\\{closure}(Object(Illuminate\\Http\\Request))
#8 /home/admin/web/jpacademymeerut.com/public_html/principal_laravel/vendor/laravel/framework/src/Illuminate/Routing/Middleware/SubstituteBindings.php(41): Illuminate\\Pipeline\\Pipeline->Illuminate\\Pipeline\\{closure}(Object(Illuminate\\Http\\Request))
#9 /home/admin/web/jpacademymeerut.com/public_html/principal_laravel/vendor/laravel/framework/src/Illuminate/Pipeline/Pipeline.php(173): Illuminate\\Routing\\Middleware\\SubstituteBindings->handle(Object(Illuminate\\Http\\Request), Object(Closure))
#10 /home/admin/web/jpacademymeerut.com/public_html/principal_laravel/vendor/laravel/framework/src/Illuminate/Routing/Middleware/ThrottleRequests.php(59): Illuminate\\Pipeline\\Pipeline->Illuminate\\Pipeline\\{closure}(Object(Illuminate\\Http\\Request))
#11 /home/admin/web/jpacademymeerut.com/public_html/principal_laravel/vendor/laravel/framework/src/Illuminate/Pipeline/Pipeline.php(173): Illuminate\\Routing\\Middleware\\ThrottleRequests->handle(Object(Illuminate\\Http\\Request), Object(Closure), 60, '1')
#12 /home/admin/web/jpacademymeerut.com/public_html/principal_laravel/vendor/laravel/framework/src/Illuminate/Pipeline/Pipeline.php(107): Illuminate\\Pipeline\\Pipeline->Illuminate\\Pipeline\\{closure}(Object(Illuminate\\Http\\Request))
#13 /home/admin/web/jpacademymeerut.com/public_html/principal_laravel/vendor/laravel/framework/src/Illuminate/Routing/Router.php(682): Illuminate\\Pipeline\\Pipeline->then(Object(Closure))
#14 /home/admin/web/jpacademymeerut.com/public_html/principal_laravel/vendor/laravel/framework/src/Illuminate/Routing/Router.php(657): Illuminate\\Routing\\Router->runRouteWithinStack(Object(Illuminate\\Routing\\Route), Object(Illuminate\\Http\\Request))
#15 /home/admin/web/jpacademymeerut.com/public_html/principal_laravel/vendor/laravel/framework/src/Illuminate/Routing/Router.php(623): Illuminate\\Routing\\Router->runRoute(Object(Illuminate\\Http\\Request), Object(Illuminate\\Routing\\Route))
#16 /home/admin/web/jpacademymeerut.com/public_html/principal_laravel/vendor/laravel/framework/src/Illuminate/Routing/Router.php(612): Illuminate\\Routing\\Router->dispatchToRoute(Object(Illuminate\\Http\\Request))
#17 /home/admin/web/jpacademymeerut.com/public_html/principal_laravel/vendor/laravel/framework/src/Illuminate/Foundation/Http/Kernel.php(176): Illuminate\\Routing\\Router->dispatch(Object(Illuminate\\Http\\Request))
#18 /home/admin/web/jpacademymeerut.com/public_html/principal_laravel/vendor/laravel/framework/src/Illuminate/Pipeline/Pipeline.php(132): Illuminate\\Foundation\\Http\\Kernel->Illuminate\\Foundation\\Http\\{closure}(Object(Illuminate\\Http\\Request))
#19 /home/admin/web/jpacademymeerut.com/public_html/principal_laravel/vendor/laravel/framework/src/Illuminate/Foundation/Http/Middleware/TransformsRequest.php(21): Illuminate\\Pipeline\\Pipeline->Illuminate\\Pipeline\\{closure}(Object(Illuminate\\Http\\Request))
#20 /home/admin/web/jpacademymeerut.com/public_html/principal_laravel/vendor/laravel/framework/src/Illuminate/Pipeline/Pipeline.php(173): Illuminate\\Foundation\\Http\\Middleware\\TransformsRequest->handle(Object(Illuminate\\Http\\Request), Object(Closure))
#21 /home/admin/web/jpacademymeerut.com/public_html/principal_laravel/vendor/laravel/framework/src/Illuminate/Foundation/Http/Middleware/TransformsRequest.php(21): Illuminate\\Pipeline\\Pipeline->Illuminate\\Pipeline\\{closure}(Object(Illuminate\\Http\\Request))
#22 /home/admin/web/jpacademymeerut.com/public_html/principal_laravel/vendor/laravel/framework/src/Illuminate/Pipeline/Pipeline.php(173): Illuminate\\Foundation\\Http\\Middleware\\TransformsRequest->handle(Object(Illuminate\\Http\\Request), Object(Closure))
#23 /home/admin/web/jpacademymeerut.com/public_html/principal_laravel/vendor/laravel/framework/src/Illuminate/Foundation/Http/Middleware/ValidatePostSize.php(27): Illuminate\\Pipeline\\Pipeline->Illuminate\\Pipeline\\{closure}(Object(Illuminate\\Http\\Request))
#24 /home/admin/web/jpacademymeerut.com/public_html/principal_laravel/vendor/laravel/framework/src/Illuminate/Pipeline/Pipeline.php(173): Illuminate\\Foundation\\Http\\Middleware\\ValidatePostSize->handle(Object(Illuminate\\Http\\Request), Object(Closure))
#25 /home/admin/web/jpacademymeerut.com/public_html/principal_laravel/vendor/laravel/framework/src/Illuminate/Foundation/Http/Middleware/CheckForMaintenanceMode.php(62): Illuminate\\Pipeline\\Pipeline->Illuminate\\Pipeline\\{closure}(Object(Illuminate\\Http\\Request))
#26 /home/admin/web/jpacademymeerut.com/public_html/principal_laravel/vendor/laravel/framework/src/Illuminate/Pipeline/Pipeline.php(173): Illuminate\\Foundation\\Http\\Middleware\\CheckForMaintenanceMode->handle(Object(Illuminate\\Http\\Request), Object(Closure))
#27 /home/admin/web/jpacademymeerut.com/public_html/principal_laravel/vendor/fideloper/proxy/src/TrustProxies.php(57): Illuminate\\Pipeline\\Pipeline->Illuminate\\Pipeline\\{closure}(Object(Illuminate\\Http\\Request))
#28 /home/admin/web/jpacademymeerut.com/public_html/principal_laravel/vendor/laravel/framework/src/Illuminate/Pipeline/Pipeline.php(173): Fideloper\\Proxy\\TrustProxies->handle(Object(Illuminate\\Http\\Request), Object(Closure))
#29 /home/admin/web/jpacademymeerut.com/public_html/principal_laravel/vendor/laravel/framework/src/Illuminate/Pipeline/Pipeline.php(107): Illuminate\\Pipeline\\Pipeline->Illuminate\\Pipeline\\{closure}(Object(Illuminate\\Http\\Request))
#30 /home/admin/web/jpacademymeerut.com/public_html/principal_laravel/vendor/laravel/framework/src/Illuminate/Foundation/Http/Kernel.php(151): Illuminate\\Pipeline\\Pipeline->then(Object(Closure))
#31 /home/admin/web/jpacademymeerut.com/public_html/principal_laravel/vendor/laravel/framework/src/Illuminate/Foundation/Http/Kernel.php(116): Illuminate\\Foundation\\Http\\Kernel->sendRequestThroughRouter(Object(Illuminate\\Http\\Request))
#32 /home/admin/web/jpacademymeerut.com/public_html/principal_laravel/public/index.php(55): Illuminate\\Foundation\\Http\\Kernel->handle(Object(Illuminate\\Http\\Request))
#33 {main}
"} 
[2020-08-27 07:23:25] local.ERROR: Undefined variable: date {"exception":"[object] (ErrorException(code: 0): Undefined variable: date at /home/admin/web/jpacademymeerut.com/public_html/principal_laravel/app/Http/Controllers/PrincipalapiController.php:417)
[stacktrace]
#0 /home/admin/web/jpacademymeerut.com/public_html/principal_laravel/app/Http/Controllers/PrincipalapiController.php(417): Illuminate\\Foundation\\Bootstrap\\HandleExceptions->handleError(8, 'Undefined varia...', '/home/admin/web...', 417, Array)
#1 [internal function]: App\\Http\\Controllers\\PrincipalapiController->TeacherAttendance(Object(Illuminate\\Http\\Request))
#2 /home/admin/web/jpacademymeerut.com/public_html/principal_laravel/vendor/laravel/framework/src/Illuminate/Routing/Controller.php(54): call_user_func_array(Array, Array)
#3 /home/admin/web/jpacademymeerut.com/public_html/principal_laravel/vendor/laravel/framework/src/Illuminate/Routing/ControllerDispatcher.php(45): Illuminate\\Routing\\Controller->callAction('TeacherAttendan...', Array)
#4 /home/admin/web/jpacademymeerut.com/public_html/principal_laravel/vendor/laravel/framework/src/Illuminate/Routing/Route.php(219): Illuminate\\Routing\\ControllerDispatcher->dispatch(Object(Illuminate\\Routing\\Route), Object(App\\Http\\Controllers\\PrincipalapiController), 'TeacherAttendan...')
#5 /home/admin/web/jpacademymeerut.com/public_html/principal_laravel/vendor/laravel/framework/src/Illuminate/Routing/Route.php(176): Illuminate\\Routing\\Route->runController()
#6 /home/admin/web/jpacademymeerut.com/public_html/principal_laravel/vendor/laravel/framework/src/Illuminate/Routing/Router.php(680): Illuminate\\Routing\\Route->run()
#7 /home/admin/web/jpacademymeerut.com/public_html/principal_laravel/vendor/laravel/framework/src/Illuminate/Pipeline/Pipeline.php(132): Illuminate\\Routing\\Router->Illuminate\\Routing\\{closure}(Object(Illuminate\\Http\\Request))
#8 /home/admin/web/jpacademymeerut.com/public_html/principal_laravel/vendor/laravel/framework/src/Illuminate/Routing/Middleware/SubstituteBindings.php(41): Illuminate\\Pipeline\\Pipeline->Illuminate\\Pipeline\\{closure}(Object(Illuminate\\Http\\Request))
#9 /home/admin/web/jpacademymeerut.com/public_html/principal_laravel/vendor/laravel/framework/src/Illuminate/Pipeline/Pipeline.php(173): Illuminate\\Routing\\Middleware\\SubstituteBindings->handle(Object(Illuminate\\Http\\Request), Object(Closure))
#10 /home/admin/web/jpacademymeerut.com/public_html/principal_laravel/vendor/laravel/framework/src/Illuminate/Routing/Middleware/ThrottleRequests.php(59): Illuminate\\Pipeline\\Pipeline->Illuminate\\Pipeline\\{closure}(Object(Illuminate\\Http\\Request))
#11 /home/admin/web/jpacademymeerut.com/public_html/principal_laravel/vendor/laravel/framework/src/Illuminate/Pipeline/Pipeline.php(173): Illuminate\\Routing\\Middleware\\ThrottleRequests->handle(Object(Illuminate\\Http\\Request), Object(Closure), 60, '1')
#12 /home/admin/web/jpacademymeerut.com/public_html/principal_laravel/vendor/laravel/framework/src/Illuminate/Pipeline/Pipeline.php(107): Illuminate\\Pipeline\\Pipeline->Illuminate\\Pipeline\\{closure}(Object(Illuminate\\Http\\Request))
#13 /home/admin/web/jpacademymeerut.com/public_html/principal_laravel/vendor/laravel/framework/src/Illuminate/Routing/Router.php(682): Illuminate\\Pipeline\\Pipeline->then(Object(Closure))
#14 /home/admin/web/jpacademymeerut.com/public_html/principal_laravel/vendor/laravel/framework/src/Illuminate/Routing/Router.php(657): Illuminate\\Routing\\Router->runRouteWithinStack(Object(Illuminate\\Routing\\Route), Object(Illuminate\\Http\\Request))
#15 /home/admin/web/jpacademymeerut.com/public_html/principal_laravel/vendor/laravel/framework/src/Illuminate/Routing/Router.php(623): Illuminate\\Routing\\Router->runRoute(Object(Illuminate\\Http\\Request), Object(Illuminate\\Routing\\Route))
#16 /home/admin/web/jpacademymeerut.com/public_html/principal_laravel/vendor/laravel/framework/src/Illuminate/Routing/Router.php(612): Illuminate\\Routing\\Router->dispatchToRoute(Object(Illuminate\\Http\\Request))
#17 /home/admin/web/jpacademymeerut.com/public_html/principal_laravel/vendor/laravel/framework/src/Illuminate/Foundation/Http/Kernel.php(176): Illuminate\\Routing\\Router->dispatch(Object(Illuminate\\Http\\Request))
#18 /home/admin/web/jpacademymeerut.com/public_html/principal_laravel/vendor/laravel/framework/src/Illuminate/Pipeline/Pipeline.php(132): Illuminate\\Foundation\\Http\\Kernel->Illuminate\\Foundation\\Http\\{closure}(Object(Illuminate\\Http\\Request))
#19 /home/admin/web/jpacademymeerut.com/public_html/principal_laravel/vendor/laravel/framework/src/Illuminate/Foundation/Http/Middleware/TransformsRequest.php(21): Illuminate\\Pipeline\\Pipeline->Illuminate\\Pipeline\\{closure}(Object(Illuminate\\Http\\Request))
#20 /home/admin/web/jpacademymeerut.com/public_html/principal_laravel/vendor/laravel/framework/src/Illuminate/Pipeline/Pipeline.php(173): Illuminate\\Foundation\\Http\\Middleware\\TransformsRequest->handle(Object(Illuminate\\Http\\Request), Object(Closure))
#21 /home/admin/web/jpacademymeerut.com/public_html/principal_laravel/vendor/laravel/framework/src/Illuminate/Foundation/Http/Middleware/TransformsRequest.php(21): Illuminate\\Pipeline\\Pipeline->Illuminate\\Pipeline\\{closure}(Object(Illuminate\\Http\\Request))
#22 /home/admin/web/jpacademymeerut.com/public_html/principal_laravel/vendor/laravel/framework/src/Illuminate/Pipeline/Pipeline.php(173): Illuminate\\Foundation\\Http\\Middleware\\TransformsRequest->handle(Object(Illuminate\\Http\\Request), Object(Closure))
#23 /home/admin/web/jpacademymeerut.com/public_html/principal_laravel/vendor/laravel/framework/src/Illuminate/Foundation/Http/Middleware/ValidatePostSize.php(27): Illuminate\\Pipeline\\Pipeline->Illuminate\\Pipeline\\{closure}(Object(Illuminate\\Http\\Request))
#24 /home/admin/web/jpacademymeerut.com/public_html/principal_laravel/vendor/laravel/framework/src/Illuminate/Pipeline/Pipeline.php(173): Illuminate\\Foundation\\Http\\Middleware\\ValidatePostSize->handle(Object(Illuminate\\Http\\Request), Object(Closure))
#25 /home/admin/web/jpacademymeerut.com/public_html/principal_laravel/vendor/laravel/framework/src/Illuminate/Foundation/Http/Middleware/CheckForMaintenanceMode.php(62): Illuminate\\Pipeline\\Pipeline->Illuminate\\Pipeline\\{closure}(Object(Illuminate\\Http\\Request))
#26 /home/admin/web/jpacademymeerut.com/public_html/principal_laravel/vendor/laravel/framework/src/Illuminate/Pipeline/Pipeline.php(173): Illuminate\\Foundation\\Http\\Middleware\\CheckForMaintenanceMode->handle(Object(Illuminate\\Http\\Request), Object(Closure))
#27 /home/admin/web/jpacademymeerut.com/public_html/principal_laravel/vendor/fideloper/proxy/src/TrustProxies.php(57): Illuminate\\Pipeline\\Pipeline->Illuminate\\Pipeline\\{closure}(Object(Illuminate\\Http\\Request))
#28 /home/admin/web/jpacademymeerut.com/public_html/principal_laravel/vendor/laravel/framework/src/Illuminate/Pipeline/Pipeline.php(173): Fideloper\\Proxy\\TrustProxies->handle(Object(Illuminate\\Http\\Request), Object(Closure))
#29 /home/admin/web/jpacademymeerut.com/public_html/principal_laravel/vendor/laravel/framework/src/Illuminate/Pipeline/Pipeline.php(107): Illuminate\\Pipeline\\Pipeline->Illuminate\\Pipeline\\{closure}(Object(Illuminate\\Http\\Request))
#30 /home/admin/web/jpacademymeerut.com/public_html/principal_laravel/vendor/laravel/framework/src/Illuminate/Foundation/Http/Kernel.php(151): Illuminate\\Pipeline\\Pipeline->then(Object(Closure))
#31 /home/admin/web/jpacademymeerut.com/public_html/principal_laravel/vendor/laravel/framework/src/Illuminate/Foundation/Http/Kernel.php(116): Illuminate\\Foundation\\Http\\Kernel->sendRequestThroughRouter(Object(Illuminate\\Http\\Request))
#32 /home/admin/web/jpacademymeerut.com/public_html/principal_laravel/public/index.php(55): Illuminate\\Foundation\\Http\\Kernel->handle(Object(Illuminate\\Http\\Request))
#33 {main}
"} 
[2020-08-27 10:47:07] local.ERROR: Undefined variable: value {"exception":"[object] (ErrorException(code: 0): Undefined variable: value at /home/admin/web/jpacademymeerut.com/public_html/principal_laravel/app/Http/Controllers/PrincipalapiController.php:563)
[stacktrace]
#0 /home/admin/web/jpacademymeerut.com/public_html/principal_laravel/app/Http/Controllers/PrincipalapiController.php(563): Illuminate\\Foundation\\Bootstrap\\HandleExceptions->handleError(8, 'Undefined varia...', '/home/admin/web...', 563, Array)
#1 [internal function]: App\\Http\\Controllers\\PrincipalapiController->totalFees(Object(Illuminate\\Http\\Request))
#2 /home/admin/web/jpacademymeerut.com/public_html/principal_laravel/vendor/laravel/framework/src/Illuminate/Routing/Controller.php(54): call_user_func_array(Array, Array)
#3 /home/admin/web/jpacademymeerut.com/public_html/principal_laravel/vendor/laravel/framework/src/Illuminate/Routing/ControllerDispatcher.php(45): Illuminate\\Routing\\Controller->callAction('totalFees', Array)
#4 /home/admin/web/jpacademymeerut.com/public_html/principal_laravel/vendor/laravel/framework/src/Illuminate/Routing/Route.php(219): Illuminate\\Routing\\ControllerDispatcher->dispatch(Object(Illuminate\\Routing\\Route), Object(App\\Http\\Controllers\\PrincipalapiController), 'totalFees')
#5 /home/admin/web/jpacademymeerut.com/public_html/principal_laravel/vendor/laravel/framework/src/Illuminate/Routing/Route.php(176): Illuminate\\Routing\\Route->runController()
#6 /home/admin/web/jpacademymeerut.com/public_html/principal_laravel/vendor/laravel/framework/src/Illuminate/Routing/Router.php(680): Illuminate\\Routing\\Route->run()
#7 /home/admin/web/jpacademymeerut.com/public_html/principal_laravel/vendor/laravel/framework/src/Illuminate/Pipeline/Pipeline.php(132): Illuminate\\Routing\\Router->Illuminate\\Routing\\{closure}(Object(Illuminate\\Http\\Request))
#8 /home/admin/web/jpacademymeerut.com/public_html/principal_laravel/vendor/laravel/framework/src/Illuminate/Routing/Middleware/SubstituteBindings.php(41): Illuminate\\Pipeline\\Pipeline->Illuminate\\Pipeline\\{closure}(Object(Illuminate\\Http\\Request))
#9 /home/admin/web/jpacademymeerut.com/public_html/principal_laravel/vendor/laravel/framework/src/Illuminate/Pipeline/Pipeline.php(173): Illuminate\\Routing\\Middleware\\SubstituteBindings->handle(Object(Illuminate\\Http\\Request), Object(Closure))
#10 /home/admin/web/jpacademymeerut.com/public_html/principal_laravel/vendor/laravel/framework/src/Illuminate/Routing/Middleware/ThrottleRequests.php(59): Illuminate\\Pipeline\\Pipeline->Illuminate\\Pipeline\\{closure}(Object(Illuminate\\Http\\Request))
#11 /home/admin/web/jpacademymeerut.com/public_html/principal_laravel/vendor/laravel/framework/src/Illuminate/Pipeline/Pipeline.php(173): Illuminate\\Routing\\Middleware\\ThrottleRequests->handle(Object(Illuminate\\Http\\Request), Object(Closure), 60, '1')
#12 /home/admin/web/jpacademymeerut.com/public_html/principal_laravel/vendor/laravel/framework/src/Illuminate/Pipeline/Pipeline.php(107): Illuminate\\Pipeline\\Pipeline->Illuminate\\Pipeline\\{closure}(Object(Illuminate\\Http\\Request))
#13 /home/admin/web/jpacademymeerut.com/public_html/principal_laravel/vendor/laravel/framework/src/Illuminate/Routing/Router.php(682): Illuminate\\Pipeline\\Pipeline->then(Object(Closure))
#14 /home/admin/web/jpacademymeerut.com/public_html/principal_laravel/vendor/laravel/framework/src/Illuminate/Routing/Router.php(657): Illuminate\\Routing\\Router->runRouteWithinStack(Object(Illuminate\\Routing\\Route), Object(Illuminate\\Http\\Request))
#15 /home/admin/web/jpacademymeerut.com/public_html/principal_laravel/vendor/laravel/framework/src/Illuminate/Routing/Router.php(623): Illuminate\\Routing\\Router->runRoute(Object(Illuminate\\Http\\Request), Object(Illuminate\\Routing\\Route))
#16 /home/admin/web/jpacademymeerut.com/public_html/principal_laravel/vendor/laravel/framework/src/Illuminate/Routing/Router.php(612): Illuminate\\Routing\\Router->dispatchToRoute(Object(Illuminate\\Http\\Request))
#17 /home/admin/web/jpacademymeerut.com/public_html/principal_laravel/vendor/laravel/framework/src/Illuminate/Foundation/Http/Kernel.php(176): Illuminate\\Routing\\Router->dispatch(Object(Illuminate\\Http\\Request))
#18 /home/admin/web/jpacademymeerut.com/public_html/principal_laravel/vendor/laravel/framework/src/Illuminate/Pipeline/Pipeline.php(132): Illuminate\\Foundation\\Http\\Kernel->Illuminate\\Foundation\\Http\\{closure}(Object(Illuminate\\Http\\Request))
#19 /home/admin/web/jpacademymeerut.com/public_html/principal_laravel/vendor/laravel/framework/src/Illuminate/Foundation/Http/Middleware/TransformsRequest.php(21): Illuminate\\Pipeline\\Pipeline->Illuminate\\Pipeline\\{closure}(Object(Illuminate\\Http\\Request))
#20 /home/admin/web/jpacademymeerut.com/public_html/principal_laravel/vendor/laravel/framework/src/Illuminate/Pipeline/Pipeline.php(173): Illuminate\\Foundation\\Http\\Middleware\\TransformsRequest->handle(Object(Illuminate\\Http\\Request), Object(Closure))
#21 /home/admin/web/jpacademymeerut.com/public_html/principal_laravel/vendor/laravel/framework/src/Illuminate/Foundation/Http/Middleware/TransformsRequest.php(21): Illuminate\\Pipeline\\Pipeline->Illuminate\\Pipeline\\{closure}(Object(Illuminate\\Http\\Request))
#22 /home/admin/web/jpacademymeerut.com/public_html/principal_laravel/vendor/laravel/framework/src/Illuminate/Pipeline/Pipeline.php(173): Illuminate\\Foundation\\Http\\Middleware\\TransformsRequest->handle(Object(Illuminate\\Http\\Request), Object(Closure))
#23 /home/admin/web/jpacademymeerut.com/public_html/principal_laravel/vendor/laravel/framework/src/Illuminate/Foundation/Http/Middleware/ValidatePostSize.php(27): Illuminate\\Pipeline\\Pipeline->Illuminate\\Pipeline\\{closure}(Object(Illuminate\\Http\\Request))
#24 /home/admin/web/jpacademymeerut.com/public_html/principal_laravel/vendor/laravel/framework/src/Illuminate/Pipeline/Pipeline.php(173): Illuminate\\Foundation\\Http\\Middleware\\ValidatePostSize->handle(Object(Illuminate\\Http\\Request), Object(Closure))
#25 /home/admin/web/jpacademymeerut.com/public_html/principal_laravel/vendor/laravel/framework/src/Illuminate/Foundation/Http/Middleware/CheckForMaintenanceMode.php(62): Illuminate\\Pipeline\\Pipeline->Illuminate\\Pipeline\\{closure}(Object(Illuminate\\Http\\Request))
#26 /home/admin/web/jpacademymeerut.com/public_html/principal_laravel/vendor/laravel/framework/src/Illuminate/Pipeline/Pipeline.php(173): Illuminate\\Foundation\\Http\\Middleware\\CheckForMaintenanceMode->handle(Object(Illuminate\\Http\\Request), Object(Closure))
#27 /home/admin/web/jpacademymeerut.com/public_html/principal_laravel/vendor/fideloper/proxy/src/TrustProxies.php(57): Illuminate\\Pipeline\\Pipeline->Illuminate\\Pipeline\\{closure}(Object(Illuminate\\Http\\Request))
#28 /home/admin/web/jpacademymeerut.com/public_html/principal_laravel/vendor/laravel/framework/src/Illuminate/Pipeline/Pipeline.php(173): Fideloper\\Proxy\\TrustProxies->handle(Object(Illuminate\\Http\\Request), Object(Closure))
#29 /home/admin/web/jpacademymeerut.com/public_html/principal_laravel/vendor/laravel/framework/src/Illuminate/Pipeline/Pipeline.php(107): Illuminate\\Pipeline\\Pipeline->Illuminate\\Pipeline\\{closure}(Object(Illuminate\\Http\\Request))
#30 /home/admin/web/jpacademymeerut.com/public_html/principal_laravel/vendor/laravel/framework/src/Illuminate/Foundation/Http/Kernel.php(151): Illuminate\\Pipeline\\Pipeline->then(Object(Closure))
#31 /home/admin/web/jpacademymeerut.com/public_html/principal_laravel/vendor/laravel/framework/src/Illuminate/Foundation/Http/Kernel.php(116): Illuminate\\Foundation\\Http\\Kernel->sendRequestThroughRouter(Object(Illuminate\\Http\\Request))
#32 /home/admin/web/jpacademymeerut.com/public_html/principal_laravel/public/index.php(55): Illuminate\\Foundation\\Http\\Kernel->handle(Object(Illuminate\\Http\\Request))
#33 {main}
"} 
[2020-08-27 10:47:37] local.ERROR: Undefined variable: value {"exception":"[object] (ErrorException(code: 0): Undefined variable: value at /home/admin/web/jpacademymeerut.com/public_html/principal_laravel/app/Http/Controllers/PrincipalapiController.php:563)
[stacktrace]
#0 /home/admin/web/jpacademymeerut.com/public_html/principal_laravel/app/Http/Controllers/PrincipalapiController.php(563): Illuminate\\Foundation\\Bootstrap\\HandleExceptions->handleError(8, 'Undefined varia...', '/home/admin/web...', 563, Array)
#1 [internal function]: App\\Http\\Controllers\\PrincipalapiController->totalFees(Object(Illuminate\\Http\\Request))
#2 /home/admin/web/jpacademymeerut.com/public_html/principal_laravel/vendor/laravel/framework/src/Illuminate/Routing/Controller.php(54): call_user_func_array(Array, Array)
#3 /home/admin/web/jpacademymeerut.com/public_html/principal_laravel/vendor/laravel/framework/src/Illuminate/Routing/ControllerDispatcher.php(45): Illuminate\\Routing\\Controller->callAction('totalFees', Array)
#4 /home/admin/web/jpacademymeerut.com/public_html/principal_laravel/vendor/laravel/framework/src/Illuminate/Routing/Route.php(219): Illuminate\\Routing\\ControllerDispatcher->dispatch(Object(Illuminate\\Routing\\Route), Object(App\\Http\\Controllers\\PrincipalapiController), 'totalFees')
#5 /home/admin/web/jpacademymeerut.com/public_html/principal_laravel/vendor/laravel/framework/src/Illuminate/Routing/Route.php(176): Illuminate\\Routing\\Route->runController()
#6 /home/admin/web/jpacademymeerut.com/public_html/principal_laravel/vendor/laravel/framework/src/Illuminate/Routing/Router.php(680): Illuminate\\Routing\\Route->run()
#7 /home/admin/web/jpacademymeerut.com/public_html/principal_laravel/vendor/laravel/framework/src/Illuminate/Pipeline/Pipeline.php(132): Illuminate\\Routing\\Router->Illuminate\\Routing\\{closure}(Object(Illuminate\\Http\\Request))
#8 /home/admin/web/jpacademymeerut.com/public_html/principal_laravel/vendor/laravel/framework/src/Illuminate/Routing/Middleware/SubstituteBindings.php(41): Illuminate\\Pipeline\\Pipeline->Illuminate\\Pipeline\\{closure}(Object(Illuminate\\Http\\Request))
#9 /home/admin/web/jpacademymeerut.com/public_html/principal_laravel/vendor/laravel/framework/src/Illuminate/Pipeline/Pipeline.php(173): Illuminate\\Routing\\Middleware\\SubstituteBindings->handle(Object(Illuminate\\Http\\Request), Object(Closure))
#10 /home/admin/web/jpacademymeerut.com/public_html/principal_laravel/vendor/laravel/framework/src/Illuminate/Routing/Middleware/ThrottleRequests.php(59): Illuminate\\Pipeline\\Pipeline->Illuminate\\Pipeline\\{closure}(Object(Illuminate\\Http\\Request))
#11 /home/admin/web/jpacademymeerut.com/public_html/principal_laravel/vendor/laravel/framework/src/Illuminate/Pipeline/Pipeline.php(173): Illuminate\\Routing\\Middleware\\ThrottleRequests->handle(Object(Illuminate\\Http\\Request), Object(Closure), 60, '1')
#12 /home/admin/web/jpacademymeerut.com/public_html/principal_laravel/vendor/laravel/framework/src/Illuminate/Pipeline/Pipeline.php(107): Illuminate\\Pipeline\\Pipeline->Illuminate\\Pipeline\\{closure}(Object(Illuminate\\Http\\Request))
#13 /home/admin/web/jpacademymeerut.com/public_html/principal_laravel/vendor/laravel/framework/src/Illuminate/Routing/Router.php(682): Illuminate\\Pipeline\\Pipeline->then(Object(Closure))
#14 /home/admin/web/jpacademymeerut.com/public_html/principal_laravel/vendor/laravel/framework/src/Illuminate/Routing/Router.php(657): Illuminate\\Routing\\Router->runRouteWithinStack(Object(Illuminate\\Routing\\Route), Object(Illuminate\\Http\\Request))
#15 /home/admin/web/jpacademymeerut.com/public_html/principal_laravel/vendor/laravel/framework/src/Illuminate/Routing/Router.php(623): Illuminate\\Routing\\Router->runRoute(Object(Illuminate\\Http\\Request), Object(Illuminate\\Routing\\Route))
#16 /home/admin/web/jpacademymeerut.com/public_html/principal_laravel/vendor/laravel/framework/src/Illuminate/Routing/Router.php(612): Illuminate\\Routing\\Router->dispatchToRoute(Object(Illuminate\\Http\\Request))
#17 /home/admin/web/jpacademymeerut.com/public_html/principal_laravel/vendor/laravel/framework/src/Illuminate/Foundation/Http/Kernel.php(176): Illuminate\\Routing\\Router->dispatch(Object(Illuminate\\Http\\Request))
#18 /home/admin/web/jpacademymeerut.com/public_html/principal_laravel/vendor/laravel/framework/src/Illuminate/Pipeline/Pipeline.php(132): Illuminate\\Foundation\\Http\\Kernel->Illuminate\\Foundation\\Http\\{closure}(Object(Illuminate\\Http\\Request))
#19 /home/admin/web/jpacademymeerut.com/public_html/principal_laravel/vendor/laravel/framework/src/Illuminate/Foundation/Http/Middleware/TransformsRequest.php(21): Illuminate\\Pipeline\\Pipeline->Illuminate\\Pipeline\\{closure}(Object(Illuminate\\Http\\Request))
#20 /home/admin/web/jpacademymeerut.com/public_html/principal_laravel/vendor/laravel/framework/src/Illuminate/Pipeline/Pipeline.php(173): Illuminate\\Foundation\\Http\\Middleware\\TransformsRequest->handle(Object(Illuminate\\Http\\Request), Object(Closure))
#21 /home/admin/web/jpacademymeerut.com/public_html/principal_laravel/vendor/laravel/framework/src/Illuminate/Foundation/Http/Middleware/TransformsRequest.php(21): Illuminate\\Pipeline\\Pipeline->Illuminate\\Pipeline\\{closure}(Object(Illuminate\\Http\\Request))
#22 /home/admin/web/jpacademymeerut.com/public_html/principal_laravel/vendor/laravel/framework/src/Illuminate/Pipeline/Pipeline.php(173): Illuminate\\Foundation\\Http\\Middleware\\TransformsRequest->handle(Object(Illuminate\\Http\\Request), Object(Closure))
#23 /home/admin/web/jpacademymeerut.com/public_html/principal_laravel/vendor/laravel/framework/src/Illuminate/Foundation/Http/Middleware/ValidatePostSize.php(27): Illuminate\\Pipeline\\Pipeline->Illuminate\\Pipeline\\{closure}(Object(Illuminate\\Http\\Request))
#24 /home/admin/web/jpacademymeerut.com/public_html/principal_laravel/vendor/laravel/framework/src/Illuminate/Pipeline/Pipeline.php(173): Illuminate\\Foundation\\Http\\Middleware\\ValidatePostSize->handle(Object(Illuminate\\Http\\Request), Object(Closure))
#25 /home/admin/web/jpacademymeerut.com/public_html/principal_laravel/vendor/laravel/framework/src/Illuminate/Foundation/Http/Middleware/CheckForMaintenanceMode.php(62): Illuminate\\Pipeline\\Pipeline->Illuminate\\Pipeline\\{closure}(Object(Illuminate\\Http\\Request))
#26 /home/admin/web/jpacademymeerut.com/public_html/principal_laravel/vendor/laravel/framework/src/Illuminate/Pipeline/Pipeline.php(173): Illuminate\\Foundation\\Http\\Middleware\\CheckForMaintenanceMode->handle(Object(Illuminate\\Http\\Request), Object(Closure))
#27 /home/admin/web/jpacademymeerut.com/public_html/principal_laravel/vendor/fideloper/proxy/src/TrustProxies.php(57): Illuminate\\Pipeline\\Pipeline->Illuminate\\Pipeline\\{closure}(Object(Illuminate\\Http\\Request))
#28 /home/admin/web/jpacademymeerut.com/public_html/principal_laravel/vendor/laravel/framework/src/Illuminate/Pipeline/Pipeline.php(173): Fideloper\\Proxy\\TrustProxies->handle(Object(Illuminate\\Http\\Request), Object(Closure))
#29 /home/admin/web/jpacademymeerut.com/public_html/principal_laravel/vendor/laravel/framework/src/Illuminate/Pipeline/Pipeline.php(107): Illuminate\\Pipeline\\Pipeline->Illuminate\\Pipeline\\{closure}(Object(Illuminate\\Http\\Request))
#30 /home/admin/web/jpacademymeerut.com/public_html/principal_laravel/vendor/laravel/framework/src/Illuminate/Foundation/Http/Kernel.php(151): Illuminate\\Pipeline\\Pipeline->then(Object(Closure))
#31 /home/admin/web/jpacademymeerut.com/public_html/principal_laravel/vendor/laravel/framework/src/Illuminate/Foundation/Http/Kernel.php(116): Illuminate\\Foundation\\Http\\Kernel->sendRequestThroughRouter(Object(Illuminate\\Http\\Request))
#32 /home/admin/web/jpacademymeerut.com/public_html/principal_laravel/public/index.php(55): Illuminate\\Foundation\\Http\\Kernel->handle(Object(Illuminate\\Http\\Request))
#33 {main}
"} 
[2020-08-27 10:57:42] local.ERROR: Undefined variable: value {"exception":"[object] (ErrorException(code: 0): Undefined variable: value at /home/admin/web/jpacademymeerut.com/public_html/principal_laravel/app/Http/Controllers/PrincipalapiController.php:563)
[stacktrace]
#0 /home/admin/web/jpacademymeerut.com/public_html/principal_laravel/app/Http/Controllers/PrincipalapiController.php(563): Illuminate\\Foundation\\Bootstrap\\HandleExceptions->handleError(8, 'Undefined varia...', '/home/admin/web...', 563, Array)
#1 [internal function]: App\\Http\\Controllers\\PrincipalapiController->totalFees(Object(Illuminate\\Http\\Request))
#2 /home/admin/web/jpacademymeerut.com/public_html/principal_laravel/vendor/laravel/framework/src/Illuminate/Routing/Controller.php(54): call_user_func_array(Array, Array)
#3 /home/admin/web/jpacademymeerut.com/public_html/principal_laravel/vendor/laravel/framework/src/Illuminate/Routing/ControllerDispatcher.php(45): Illuminate\\Routing\\Controller->callAction('totalFees', Array)
#4 /home/admin/web/jpacademymeerut.com/public_html/principal_laravel/vendor/laravel/framework/src/Illuminate/Routing/Route.php(219): Illuminate\\Routing\\ControllerDispatcher->dispatch(Object(Illuminate\\Routing\\Route), Object(App\\Http\\Controllers\\PrincipalapiController), 'totalFees')
#5 /home/admin/web/jpacademymeerut.com/public_html/principal_laravel/vendor/laravel/framework/src/Illuminate/Routing/Route.php(176): Illuminate\\Routing\\Route->runController()
#6 /home/admin/web/jpacademymeerut.com/public_html/principal_laravel/vendor/laravel/framework/src/Illuminate/Routing/Router.php(680): Illuminate\\Routing\\Route->run()
#7 /home/admin/web/jpacademymeerut.com/public_html/principal_laravel/vendor/laravel/framework/src/Illuminate/Pipeline/Pipeline.php(132): Illuminate\\Routing\\Router->Illuminate\\Routing\\{closure}(Object(Illuminate\\Http\\Request))
#8 /home/admin/web/jpacademymeerut.com/public_html/principal_laravel/vendor/laravel/framework/src/Illuminate/Routing/Middleware/SubstituteBindings.php(41): Illuminate\\Pipeline\\Pipeline->Illuminate\\Pipeline\\{closure}(Object(Illuminate\\Http\\Request))
#9 /home/admin/web/jpacademymeerut.com/public_html/principal_laravel/vendor/laravel/framework/src/Illuminate/Pipeline/Pipeline.php(173): Illuminate\\Routing\\Middleware\\SubstituteBindings->handle(Object(Illuminate\\Http\\Request), Object(Closure))
#10 /home/admin/web/jpacademymeerut.com/public_html/principal_laravel/vendor/laravel/framework/src/Illuminate/Routing/Middleware/ThrottleRequests.php(59): Illuminate\\Pipeline\\Pipeline->Illuminate\\Pipeline\\{closure}(Object(Illuminate\\Http\\Request))
#11 /home/admin/web/jpacademymeerut.com/public_html/principal_laravel/vendor/laravel/framework/src/Illuminate/Pipeline/Pipeline.php(173): Illuminate\\Routing\\Middleware\\ThrottleRequests->handle(Object(Illuminate\\Http\\Request), Object(Closure), 60, '1')
#12 /home/admin/web/jpacademymeerut.com/public_html/principal_laravel/vendor/laravel/framework/src/Illuminate/Pipeline/Pipeline.php(107): Illuminate\\Pipeline\\Pipeline->Illuminate\\Pipeline\\{closure}(Object(Illuminate\\Http\\Request))
#13 /home/admin/web/jpacademymeerut.com/public_html/principal_laravel/vendor/laravel/framework/src/Illuminate/Routing/Router.php(682): Illuminate\\Pipeline\\Pipeline->then(Object(Closure))
#14 /home/admin/web/jpacademymeerut.com/public_html/principal_laravel/vendor/laravel/framework/src/Illuminate/Routing/Router.php(657): Illuminate\\Routing\\Router->runRouteWithinStack(Object(Illuminate\\Routing\\Route), Object(Illuminate\\Http\\Request))
#15 /home/admin/web/jpacademymeerut.com/public_html/principal_laravel/vendor/laravel/framework/src/Illuminate/Routing/Router.php(623): Illuminate\\Routing\\Router->runRoute(Object(Illuminate\\Http\\Request), Object(Illuminate\\Routing\\Route))
#16 /home/admin/web/jpacademymeerut.com/public_html/principal_laravel/vendor/laravel/framework/src/Illuminate/Routing/Router.php(612): Illuminate\\Routing\\Router->dispatchToRoute(Object(Illuminate\\Http\\Request))
#17 /home/admin/web/jpacademymeerut.com/public_html/principal_laravel/vendor/laravel/framework/src/Illuminate/Foundation/Http/Kernel.php(176): Illuminate\\Routing\\Router->dispatch(Object(Illuminate\\Http\\Request))
#18 /home/admin/web/jpacademymeerut.com/public_html/principal_laravel/vendor/laravel/framework/src/Illuminate/Pipeline/Pipeline.php(132): Illuminate\\Foundation\\Http\\Kernel->Illuminate\\Foundation\\Http\\{closure}(Object(Illuminate\\Http\\Request))
#19 /home/admin/web/jpacademymeerut.com/public_html/principal_laravel/vendor/laravel/framework/src/Illuminate/Foundation/Http/Middleware/TransformsRequest.php(21): Illuminate\\Pipeline\\Pipeline->Illuminate\\Pipeline\\{closure}(Object(Illuminate\\Http\\Request))
#20 /home/admin/web/jpacademymeerut.com/public_html/principal_laravel/vendor/laravel/framework/src/Illuminate/Pipeline/Pipeline.php(173): Illuminate\\Foundation\\Http\\Middleware\\TransformsRequest->handle(Object(Illuminate\\Http\\Request), Object(Closure))
#21 /home/admin/web/jpacademymeerut.com/public_html/principal_laravel/vendor/laravel/framework/src/Illuminate/Foundation/Http/Middleware/TransformsRequest.php(21): Illuminate\\Pipeline\\Pipeline->Illuminate\\Pipeline\\{closure}(Object(Illuminate\\Http\\Request))
#22 /home/admin/web/jpacademymeerut.com/public_html/principal_laravel/vendor/laravel/framework/src/Illuminate/Pipeline/Pipeline.php(173): Illuminate\\Foundation\\Http\\Middleware\\TransformsRequest->handle(Object(Illuminate\\Http\\Request), Object(Closure))
#23 /home/admin/web/jpacademymeerut.com/public_html/principal_laravel/vendor/laravel/framework/src/Illuminate/Foundation/Http/Middleware/ValidatePostSize.php(27): Illuminate\\Pipeline\\Pipeline->Illuminate\\Pipeline\\{closure}(Object(Illuminate\\Http\\Request))
#24 /home/admin/web/jpacademymeerut.com/public_html/principal_laravel/vendor/laravel/framework/src/Illuminate/Pipeline/Pipeline.php(173): Illuminate\\Foundation\\Http\\Middleware\\ValidatePostSize->handle(Object(Illuminate\\Http\\Request), Object(Closure))
#25 /home/admin/web/jpacademymeerut.com/public_html/principal_laravel/vendor/laravel/framework/src/Illuminate/Foundation/Http/Middleware/CheckForMaintenanceMode.php(62): Illuminate\\Pipeline\\Pipeline->Illuminate\\Pipeline\\{closure}(Object(Illuminate\\Http\\Request))
#26 /home/admin/web/jpacademymeerut.com/public_html/principal_laravel/vendor/laravel/framework/src/Illuminate/Pipeline/Pipeline.php(173): Illuminate\\Foundation\\Http\\Middleware\\CheckForMaintenanceMode->handle(Object(Illuminate\\Http\\Request), Object(Closure))
#27 /home/admin/web/jpacademymeerut.com/public_html/principal_laravel/vendor/fideloper/proxy/src/TrustProxies.php(57): Illuminate\\Pipeline\\Pipeline->Illuminate\\Pipeline\\{closure}(Object(Illuminate\\Http\\Request))
#28 /home/admin/web/jpacademymeerut.com/public_html/principal_laravel/vendor/laravel/framework/src/Illuminate/Pipeline/Pipeline.php(173): Fideloper\\Proxy\\TrustProxies->handle(Object(Illuminate\\Http\\Request), Object(Closure))
#29 /home/admin/web/jpacademymeerut.com/public_html/principal_laravel/vendor/laravel/framework/src/Illuminate/Pipeline/Pipeline.php(107): Illuminate\\Pipeline\\Pipeline->Illuminate\\Pipeline\\{closure}(Object(Illuminate\\Http\\Request))
#30 /home/admin/web/jpacademymeerut.com/public_html/principal_laravel/vendor/laravel/framework/src/Illuminate/Foundation/Http/Kernel.php(151): Illuminate\\Pipeline\\Pipeline->then(Object(Closure))
#31 /home/admin/web/jpacademymeerut.com/public_html/principal_laravel/vendor/laravel/framework/src/Illuminate/Foundation/Http/Kernel.php(116): Illuminate\\Foundation\\Http\\Kernel->sendRequestThroughRouter(Object(Illuminate\\Http\\Request))
#32 /home/admin/web/jpacademymeerut.com/public_html/principal_laravel/public/index.php(55): Illuminate\\Foundation\\Http\\Kernel->handle(Object(Illuminate\\Http\\Request))
#33 {main}
"} 
[2020-08-27 10:58:50] local.ERROR: Undefined variable: id {"exception":"[object] (ErrorException(code: 0): Undefined variable: id at /home/admin/web/jpacademymeerut.com/public_html/principal_laravel/app/Http/Controllers/PrincipalapiController.php:564)
[stacktrace]
#0 /home/admin/web/jpacademymeerut.com/public_html/principal_laravel/app/Http/Controllers/PrincipalapiController.php(564): Illuminate\\Foundation\\Bootstrap\\HandleExceptions->handleError(8, 'Undefined varia...', '/home/admin/web...', 564, Array)
#1 [internal function]: App\\Http\\Controllers\\PrincipalapiController->totalFees(Object(Illuminate\\Http\\Request))
#2 /home/admin/web/jpacademymeerut.com/public_html/principal_laravel/vendor/laravel/framework/src/Illuminate/Routing/Controller.php(54): call_user_func_array(Array, Array)
#3 /home/admin/web/jpacademymeerut.com/public_html/principal_laravel/vendor/laravel/framework/src/Illuminate/Routing/ControllerDispatcher.php(45): Illuminate\\Routing\\Controller->callAction('totalFees', Array)
#4 /home/admin/web/jpacademymeerut.com/public_html/principal_laravel/vendor/laravel/framework/src/Illuminate/Routing/Route.php(219): Illuminate\\Routing\\ControllerDispatcher->dispatch(Object(Illuminate\\Routing\\Route), Object(App\\Http\\Controllers\\PrincipalapiController), 'totalFees')
#5 /home/admin/web/jpacademymeerut.com/public_html/principal_laravel/vendor/laravel/framework/src/Illuminate/Routing/Route.php(176): Illuminate\\Routing\\Route->runController()
#6 /home/admin/web/jpacademymeerut.com/public_html/principal_laravel/vendor/laravel/framework/src/Illuminate/Routing/Router.php(680): Illuminate\\Routing\\Route->run()
#7 /home/admin/web/jpacademymeerut.com/public_html/principal_laravel/vendor/laravel/framework/src/Illuminate/Pipeline/Pipeline.php(132): Illuminate\\Routing\\Router->Illuminate\\Routing\\{closure}(Object(Illuminate\\Http\\Request))
#8 /home/admin/web/jpacademymeerut.com/public_html/principal_laravel/vendor/laravel/framework/src/Illuminate/Routing/Middleware/SubstituteBindings.php(41): Illuminate\\Pipeline\\Pipeline->Illuminate\\Pipeline\\{closure}(Object(Illuminate\\Http\\Request))
#9 /home/admin/web/jpacademymeerut.com/public_html/principal_laravel/vendor/laravel/framework/src/Illuminate/Pipeline/Pipeline.php(173): Illuminate\\Routing\\Middleware\\SubstituteBindings->handle(Object(Illuminate\\Http\\Request), Object(Closure))
#10 /home/admin/web/jpacademymeerut.com/public_html/principal_laravel/vendor/laravel/framework/src/Illuminate/Routing/Middleware/ThrottleRequests.php(59): Illuminate\\Pipeline\\Pipeline->Illuminate\\Pipeline\\{closure}(Object(Illuminate\\Http\\Request))
#11 /home/admin/web/jpacademymeerut.com/public_html/principal_laravel/vendor/laravel/framework/src/Illuminate/Pipeline/Pipeline.php(173): Illuminate\\Routing\\Middleware\\ThrottleRequests->handle(Object(Illuminate\\Http\\Request), Object(Closure), 60, '1')
#12 /home/admin/web/jpacademymeerut.com/public_html/principal_laravel/vendor/laravel/framework/src/Illuminate/Pipeline/Pipeline.php(107): Illuminate\\Pipeline\\Pipeline->Illuminate\\Pipeline\\{closure}(Object(Illuminate\\Http\\Request))
#13 /home/admin/web/jpacademymeerut.com/public_html/principal_laravel/vendor/laravel/framework/src/Illuminate/Routing/Router.php(682): Illuminate\\Pipeline\\Pipeline->then(Object(Closure))
#14 /home/admin/web/jpacademymeerut.com/public_html/principal_laravel/vendor/laravel/framework/src/Illuminate/Routing/Router.php(657): Illuminate\\Routing\\Router->runRouteWithinStack(Object(Illuminate\\Routing\\Route), Object(Illuminate\\Http\\Request))
#15 /home/admin/web/jpacademymeerut.com/public_html/principal_laravel/vendor/laravel/framework/src/Illuminate/Routing/Router.php(623): Illuminate\\Routing\\Router->runRoute(Object(Illuminate\\Http\\Request), Object(Illuminate\\Routing\\Route))
#16 /home/admin/web/jpacademymeerut.com/public_html/principal_laravel/vendor/laravel/framework/src/Illuminate/Routing/Router.php(612): Illuminate\\Routing\\Router->dispatchToRoute(Object(Illuminate\\Http\\Request))
#17 /home/admin/web/jpacademymeerut.com/public_html/principal_laravel/vendor/laravel/framework/src/Illuminate/Foundation/Http/Kernel.php(176): Illuminate\\Routing\\Router->dispatch(Object(Illuminate\\Http\\Request))
#18 /home/admin/web/jpacademymeerut.com/public_html/principal_laravel/vendor/laravel/framework/src/Illuminate/Pipeline/Pipeline.php(132): Illuminate\\Foundation\\Http\\Kernel->Illuminate\\Foundation\\Http\\{closure}(Object(Illuminate\\Http\\Request))
#19 /home/admin/web/jpacademymeerut.com/public_html/principal_laravel/vendor/laravel/framework/src/Illuminate/Foundation/Http/Middleware/TransformsRequest.php(21): Illuminate\\Pipeline\\Pipeline->Illuminate\\Pipeline\\{closure}(Object(Illuminate\\Http\\Request))
#20 /home/admin/web/jpacademymeerut.com/public_html/principal_laravel/vendor/laravel/framework/src/Illuminate/Pipeline/Pipeline.php(173): Illuminate\\Foundation\\Http\\Middleware\\TransformsRequest->handle(Object(Illuminate\\Http\\Request), Object(Closure))
#21 /home/admin/web/jpacademymeerut.com/public_html/principal_laravel/vendor/laravel/framework/src/Illuminate/Foundation/Http/Middleware/TransformsRequest.php(21): Illuminate\\Pipeline\\Pipeline->Illuminate\\Pipeline\\{closure}(Object(Illuminate\\Http\\Request))
#22 /home/admin/web/jpacademymeerut.com/public_html/principal_laravel/vendor/laravel/framework/src/Illuminate/Pipeline/Pipeline.php(173): Illuminate\\Foundation\\Http\\Middleware\\TransformsRequest->handle(Object(Illuminate\\Http\\Request), Object(Closure))
#23 /home/admin/web/jpacademymeerut.com/public_html/principal_laravel/vendor/laravel/framework/src/Illuminate/Foundation/Http/Middleware/ValidatePostSize.php(27): Illuminate\\Pipeline\\Pipeline->Illuminate\\Pipeline\\{closure}(Object(Illuminate\\Http\\Request))
#24 /home/admin/web/jpacademymeerut.com/public_html/principal_laravel/vendor/laravel/framework/src/Illuminate/Pipeline/Pipeline.php(173): Illuminate\\Foundation\\Http\\Middleware\\ValidatePostSize->handle(Object(Illuminate\\Http\\Request), Object(Closure))
#25 /home/admin/web/jpacademymeerut.com/public_html/principal_laravel/vendor/laravel/framework/src/Illuminate/Foundation/Http/Middleware/CheckForMaintenanceMode.php(62): Illuminate\\Pipeline\\Pipeline->Illuminate\\Pipeline\\{closure}(Object(Illuminate\\Http\\Request))
#26 /home/admin/web/jpacademymeerut.com/public_html/principal_laravel/vendor/laravel/framework/src/Illuminate/Pipeline/Pipeline.php(173): Illuminate\\Foundation\\Http\\Middleware\\CheckForMaintenanceMode->handle(Object(Illuminate\\Http\\Request), Object(Closure))
#27 /home/admin/web/jpacademymeerut.com/public_html/principal_laravel/vendor/fideloper/proxy/src/TrustProxies.php(57): Illuminate\\Pipeline\\Pipeline->Illuminate\\Pipeline\\{closure}(Object(Illuminate\\Http\\Request))
#28 /home/admin/web/jpacademymeerut.com/public_html/principal_laravel/vendor/laravel/framework/src/Illuminate/Pipeline/Pipeline.php(173): Fideloper\\Proxy\\TrustProxies->handle(Object(Illuminate\\Http\\Request), Object(Closure))
#29 /home/admin/web/jpacademymeerut.com/public_html/principal_laravel/vendor/laravel/framework/src/Illuminate/Pipeline/Pipeline.php(107): Illuminate\\Pipeline\\Pipeline->Illuminate\\Pipeline\\{closure}(Object(Illuminate\\Http\\Request))
#30 /home/admin/web/jpacademymeerut.com/public_html/principal_laravel/vendor/laravel/framework/src/Illuminate/Foundation/Http/Kernel.php(151): Illuminate\\Pipeline\\Pipeline->then(Object(Closure))
#31 /home/admin/web/jpacademymeerut.com/public_html/principal_laravel/vendor/laravel/framework/src/Illuminate/Foundation/Http/Kernel.php(116): Illuminate\\Foundation\\Http\\Kernel->sendRequestThroughRouter(Object(Illuminate\\Http\\Request))
#32 /home/admin/web/jpacademymeerut.com/public_html/principal_laravel/public/index.php(55): Illuminate\\Foundation\\Http\\Kernel->handle(Object(Illuminate\\Http\\Request))
#33 {main}
"} 
[2020-08-27 11:06:36] local.ERROR: Undefined variable: request {"exception":"[object] (ErrorException(code: 0): Undefined variable: request at /home/admin/web/jpacademymeerut.com/public_html/principal_laravel/app/Http/Controllers/PrincipalapiController.php:575)
[stacktrace]
#0 /home/admin/web/jpacademymeerut.com/public_html/principal_laravel/app/Http/Controllers/PrincipalapiController.php(575): Illuminate\\Foundation\\Bootstrap\\HandleExceptions->handleError(8, 'Undefined varia...', '/home/admin/web...', 575, Array)
#1 [internal function]: App\\Http\\Controllers\\PrincipalapiController->totalFees(Object(Illuminate\\Http\\Request))
#2 /home/admin/web/jpacademymeerut.com/public_html/principal_laravel/vendor/laravel/framework/src/Illuminate/Routing/Controller.php(54): call_user_func_array(Array, Array)
#3 /home/admin/web/jpacademymeerut.com/public_html/principal_laravel/vendor/laravel/framework/src/Illuminate/Routing/ControllerDispatcher.php(45): Illuminate\\Routing\\Controller->callAction('totalFees', Array)
#4 /home/admin/web/jpacademymeerut.com/public_html/principal_laravel/vendor/laravel/framework/src/Illuminate/Routing/Route.php(219): Illuminate\\Routing\\ControllerDispatcher->dispatch(Object(Illuminate\\Routing\\Route), Object(App\\Http\\Controllers\\PrincipalapiController), 'totalFees')
#5 /home/admin/web/jpacademymeerut.com/public_html/principal_laravel/vendor/laravel/framework/src/Illuminate/Routing/Route.php(176): Illuminate\\Routing\\Route->runController()
#6 /home/admin/web/jpacademymeerut.com/public_html/principal_laravel/vendor/laravel/framework/src/Illuminate/Routing/Router.php(680): Illuminate\\Routing\\Route->run()
#7 /home/admin/web/jpacademymeerut.com/public_html/principal_laravel/vendor/laravel/framework/src/Illuminate/Pipeline/Pipeline.php(132): Illuminate\\Routing\\Router->Illuminate\\Routing\\{closure}(Object(Illuminate\\Http\\Request))
#8 /home/admin/web/jpacademymeerut.com/public_html/principal_laravel/vendor/laravel/framework/src/Illuminate/Routing/Middleware/SubstituteBindings.php(41): Illuminate\\Pipeline\\Pipeline->Illuminate\\Pipeline\\{closure}(Object(Illuminate\\Http\\Request))
#9 /home/admin/web/jpacademymeerut.com/public_html/principal_laravel/vendor/laravel/framework/src/Illuminate/Pipeline/Pipeline.php(173): Illuminate\\Routing\\Middleware\\SubstituteBindings->handle(Object(Illuminate\\Http\\Request), Object(Closure))
#10 /home/admin/web/jpacademymeerut.com/public_html/principal_laravel/vendor/laravel/framework/src/Illuminate/Routing/Middleware/ThrottleRequests.php(59): Illuminate\\Pipeline\\Pipeline->Illuminate\\Pipeline\\{closure}(Object(Illuminate\\Http\\Request))
#11 /home/admin/web/jpacademymeerut.com/public_html/principal_laravel/vendor/laravel/framework/src/Illuminate/Pipeline/Pipeline.php(173): Illuminate\\Routing\\Middleware\\ThrottleRequests->handle(Object(Illuminate\\Http\\Request), Object(Closure), 60, '1')
#12 /home/admin/web/jpacademymeerut.com/public_html/principal_laravel/vendor/laravel/framework/src/Illuminate/Pipeline/Pipeline.php(107): Illuminate\\Pipeline\\Pipeline->Illuminate\\Pipeline\\{closure}(Object(Illuminate\\Http\\Request))
#13 /home/admin/web/jpacademymeerut.com/public_html/principal_laravel/vendor/laravel/framework/src/Illuminate/Routing/Router.php(682): Illuminate\\Pipeline\\Pipeline->then(Object(Closure))
#14 /home/admin/web/jpacademymeerut.com/public_html/principal_laravel/vendor/laravel/framework/src/Illuminate/Routing/Router.php(657): Illuminate\\Routing\\Router->runRouteWithinStack(Object(Illuminate\\Routing\\Route), Object(Illuminate\\Http\\Request))
#15 /home/admin/web/jpacademymeerut.com/public_html/principal_laravel/vendor/laravel/framework/src/Illuminate/Routing/Router.php(623): Illuminate\\Routing\\Router->runRoute(Object(Illuminate\\Http\\Request), Object(Illuminate\\Routing\\Route))
#16 /home/admin/web/jpacademymeerut.com/public_html/principal_laravel/vendor/laravel/framework/src/Illuminate/Routing/Router.php(612): Illuminate\\Routing\\Router->dispatchToRoute(Object(Illuminate\\Http\\Request))
#17 /home/admin/web/jpacademymeerut.com/public_html/principal_laravel/vendor/laravel/framework/src/Illuminate/Foundation/Http/Kernel.php(176): Illuminate\\Routing\\Router->dispatch(Object(Illuminate\\Http\\Request))
#18 /home/admin/web/jpacademymeerut.com/public_html/principal_laravel/vendor/laravel/framework/src/Illuminate/Pipeline/Pipeline.php(132): Illuminate\\Foundation\\Http\\Kernel->Illuminate\\Foundation\\Http\\{closure}(Object(Illuminate\\Http\\Request))
#19 /home/admin/web/jpacademymeerut.com/public_html/principal_laravel/vendor/laravel/framework/src/Illuminate/Foundation/Http/Middleware/TransformsRequest.php(21): Illuminate\\Pipeline\\Pipeline->Illuminate\\Pipeline\\{closure}(Object(Illuminate\\Http\\Request))
#20 /home/admin/web/jpacademymeerut.com/public_html/principal_laravel/vendor/laravel/framework/src/Illuminate/Pipeline/Pipeline.php(173): Illuminate\\Foundation\\Http\\Middleware\\TransformsRequest->handle(Object(Illuminate\\Http\\Request), Object(Closure))
#21 /home/admin/web/jpacademymeerut.com/public_html/principal_laravel/vendor/laravel/framework/src/Illuminate/Foundation/Http/Middleware/TransformsRequest.php(21): Illuminate\\Pipeline\\Pipeline->Illuminate\\Pipeline\\{closure}(Object(Illuminate\\Http\\Request))
#22 /home/admin/web/jpacademymeerut.com/public_html/principal_laravel/vendor/laravel/framework/src/Illuminate/Pipeline/Pipeline.php(173): Illuminate\\Foundation\\Http\\Middleware\\TransformsRequest->handle(Object(Illuminate\\Http\\Request), Object(Closure))
#23 /home/admin/web/jpacademymeerut.com/public_html/principal_laravel/vendor/laravel/framework/src/Illuminate/Foundation/Http/Middleware/ValidatePostSize.php(27): Illuminate\\Pipeline\\Pipeline->Illuminate\\Pipeline\\{closure}(Object(Illuminate\\Http\\Request))
#24 /home/admin/web/jpacademymeerut.com/public_html/principal_laravel/vendor/laravel/framework/src/Illuminate/Pipeline/Pipeline.php(173): Illuminate\\Foundation\\Http\\Middleware\\ValidatePostSize->handle(Object(Illuminate\\Http\\Request), Object(Closure))
#25 /home/admin/web/jpacademymeerut.com/public_html/principal_laravel/vendor/laravel/framework/src/Illuminate/Foundation/Http/Middleware/CheckForMaintenanceMode.php(62): Illuminate\\Pipeline\\Pipeline->Illuminate\\Pipeline\\{closure}(Object(Illuminate\\Http\\Request))
#26 /home/admin/web/jpacademymeerut.com/public_html/principal_laravel/vendor/laravel/framework/src/Illuminate/Pipeline/Pipeline.php(173): Illuminate\\Foundation\\Http\\Middleware\\CheckForMaintenanceMode->handle(Object(Illuminate\\Http\\Request), Object(Closure))
#27 /home/admin/web/jpacademymeerut.com/public_html/principal_laravel/vendor/fideloper/proxy/src/TrustProxies.php(57): Illuminate\\Pipeline\\Pipeline->Illuminate\\Pipeline\\{closure}(Object(Illuminate\\Http\\Request))
#28 /home/admin/web/jpacademymeerut.com/public_html/principal_laravel/vendor/laravel/framework/src/Illuminate/Pipeline/Pipeline.php(173): Fideloper\\Proxy\\TrustProxies->handle(Object(Illuminate\\Http\\Request), Object(Closure))
#29 /home/admin/web/jpacademymeerut.com/public_html/principal_laravel/vendor/laravel/framework/src/Illuminate/Pipeline/Pipeline.php(107): Illuminate\\Pipeline\\Pipeline->Illuminate\\Pipeline\\{closure}(Object(Illuminate\\Http\\Request))
#30 /home/admin/web/jpacademymeerut.com/public_html/principal_laravel/vendor/laravel/framework/src/Illuminate/Foundation/Http/Kernel.php(151): Illuminate\\Pipeline\\Pipeline->then(Object(Closure))
#31 /home/admin/web/jpacademymeerut.com/public_html/principal_laravel/vendor/laravel/framework/src/Illuminate/Foundation/Http/Kernel.php(116): Illuminate\\Foundation\\Http\\Kernel->sendRequestThroughRouter(Object(Illuminate\\Http\\Request))
#32 /home/admin/web/jpacademymeerut.com/public_html/principal_laravel/public/index.php(55): Illuminate\\Foundation\\Http\\Kernel->handle(Object(Illuminate\\Http\\Request))
#33 {main}
"} 
[2020-08-27 11:06:55] local.ERROR: Undefined variable: request {"exception":"[object] (ErrorException(code: 0): Undefined variable: request at /home/admin/web/jpacademymeerut.com/public_html/principal_laravel/app/Http/Controllers/PrincipalapiController.php:575)
[stacktrace]
#0 /home/admin/web/jpacademymeerut.com/public_html/principal_laravel/app/Http/Controllers/PrincipalapiController.php(575): Illuminate\\Foundation\\Bootstrap\\HandleExceptions->handleError(8, 'Undefined varia...', '/home/admin/web...', 575, Array)
#1 [internal function]: App\\Http\\Controllers\\PrincipalapiController->totalFees(Object(Illuminate\\Http\\Request))
#2 /home/admin/web/jpacademymeerut.com/public_html/principal_laravel/vendor/laravel/framework/src/Illuminate/Routing/Controller.php(54): call_user_func_array(Array, Array)
#3 /home/admin/web/jpacademymeerut.com/public_html/principal_laravel/vendor/laravel/framework/src/Illuminate/Routing/ControllerDispatcher.php(45): Illuminate\\Routing\\Controller->callAction('totalFees', Array)
#4 /home/admin/web/jpacademymeerut.com/public_html/principal_laravel/vendor/laravel/framework/src/Illuminate/Routing/Route.php(219): Illuminate\\Routing\\ControllerDispatcher->dispatch(Object(Illuminate\\Routing\\Route), Object(App\\Http\\Controllers\\PrincipalapiController), 'totalFees')
#5 /home/admin/web/jpacademymeerut.com/public_html/principal_laravel/vendor/laravel/framework/src/Illuminate/Routing/Route.php(176): Illuminate\\Routing\\Route->runController()
#6 /home/admin/web/jpacademymeerut.com/public_html/principal_laravel/vendor/laravel/framework/src/Illuminate/Routing/Router.php(680): Illuminate\\Routing\\Route->run()
#7 /home/admin/web/jpacademymeerut.com/public_html/principal_laravel/vendor/laravel/framework/src/Illuminate/Pipeline/Pipeline.php(132): Illuminate\\Routing\\Router->Illuminate\\Routing\\{closure}(Object(Illuminate\\Http\\Request))
#8 /home/admin/web/jpacademymeerut.com/public_html/principal_laravel/vendor/laravel/framework/src/Illuminate/Routing/Middleware/SubstituteBindings.php(41): Illuminate\\Pipeline\\Pipeline->Illuminate\\Pipeline\\{closure}(Object(Illuminate\\Http\\Request))
#9 /home/admin/web/jpacademymeerut.com/public_html/principal_laravel/vendor/laravel/framework/src/Illuminate/Pipeline/Pipeline.php(173): Illuminate\\Routing\\Middleware\\SubstituteBindings->handle(Object(Illuminate\\Http\\Request), Object(Closure))
#10 /home/admin/web/jpacademymeerut.com/public_html/principal_laravel/vendor/laravel/framework/src/Illuminate/Routing/Middleware/ThrottleRequests.php(59): Illuminate\\Pipeline\\Pipeline->Illuminate\\Pipeline\\{closure}(Object(Illuminate\\Http\\Request))
#11 /home/admin/web/jpacademymeerut.com/public_html/principal_laravel/vendor/laravel/framework/src/Illuminate/Pipeline/Pipeline.php(173): Illuminate\\Routing\\Middleware\\ThrottleRequests->handle(Object(Illuminate\\Http\\Request), Object(Closure), 60, '1')
#12 /home/admin/web/jpacademymeerut.com/public_html/principal_laravel/vendor/laravel/framework/src/Illuminate/Pipeline/Pipeline.php(107): Illuminate\\Pipeline\\Pipeline->Illuminate\\Pipeline\\{closure}(Object(Illuminate\\Http\\Request))
#13 /home/admin/web/jpacademymeerut.com/public_html/principal_laravel/vendor/laravel/framework/src/Illuminate/Routing/Router.php(682): Illuminate\\Pipeline\\Pipeline->then(Object(Closure))
#14 /home/admin/web/jpacademymeerut.com/public_html/principal_laravel/vendor/laravel/framework/src/Illuminate/Routing/Router.php(657): Illuminate\\Routing\\Router->runRouteWithinStack(Object(Illuminate\\Routing\\Route), Object(Illuminate\\Http\\Request))
#15 /home/admin/web/jpacademymeerut.com/public_html/principal_laravel/vendor/laravel/framework/src/Illuminate/Routing/Router.php(623): Illuminate\\Routing\\Router->runRoute(Object(Illuminate\\Http\\Request), Object(Illuminate\\Routing\\Route))
#16 /home/admin/web/jpacademymeerut.com/public_html/principal_laravel/vendor/laravel/framework/src/Illuminate/Routing/Router.php(612): Illuminate\\Routing\\Router->dispatchToRoute(Object(Illuminate\\Http\\Request))
#17 /home/admin/web/jpacademymeerut.com/public_html/principal_laravel/vendor/laravel/framework/src/Illuminate/Foundation/Http/Kernel.php(176): Illuminate\\Routing\\Router->dispatch(Object(Illuminate\\Http\\Request))
#18 /home/admin/web/jpacademymeerut.com/public_html/principal_laravel/vendor/laravel/framework/src/Illuminate/Pipeline/Pipeline.php(132): Illuminate\\Foundation\\Http\\Kernel->Illuminate\\Foundation\\Http\\{closure}(Object(Illuminate\\Http\\Request))
#19 /home/admin/web/jpacademymeerut.com/public_html/principal_laravel/vendor/laravel/framework/src/Illuminate/Foundation/Http/Middleware/TransformsRequest.php(21): Illuminate\\Pipeline\\Pipeline->Illuminate\\Pipeline\\{closure}(Object(Illuminate\\Http\\Request))
#20 /home/admin/web/jpacademymeerut.com/public_html/principal_laravel/vendor/laravel/framework/src/Illuminate/Pipeline/Pipeline.php(173): Illuminate\\Foundation\\Http\\Middleware\\TransformsRequest->handle(Object(Illuminate\\Http\\Request), Object(Closure))
#21 /home/admin/web/jpacademymeerut.com/public_html/principal_laravel/vendor/laravel/framework/src/Illuminate/Foundation/Http/Middleware/TransformsRequest.php(21): Illuminate\\Pipeline\\Pipeline->Illuminate\\Pipeline\\{closure}(Object(Illuminate\\Http\\Request))
#22 /home/admin/web/jpacademymeerut.com/public_html/principal_laravel/vendor/laravel/framework/src/Illuminate/Pipeline/Pipeline.php(173): Illuminate\\Foundation\\Http\\Middleware\\TransformsRequest->handle(Object(Illuminate\\Http\\Request), Object(Closure))
#23 /home/admin/web/jpacademymeerut.com/public_html/principal_laravel/vendor/laravel/framework/src/Illuminate/Foundation/Http/Middleware/ValidatePostSize.php(27): Illuminate\\Pipeline\\Pipeline->Illuminate\\Pipeline\\{closure}(Object(Illuminate\\Http\\Request))
#24 /home/admin/web/jpacademymeerut.com/public_html/principal_laravel/vendor/laravel/framework/src/Illuminate/Pipeline/Pipeline.php(173): Illuminate\\Foundation\\Http\\Middleware\\ValidatePostSize->handle(Object(Illuminate\\Http\\Request), Object(Closure))
#25 /home/admin/web/jpacademymeerut.com/public_html/principal_laravel/vendor/laravel/framework/src/Illuminate/Foundation/Http/Middleware/CheckForMaintenanceMode.php(62): Illuminate\\Pipeline\\Pipeline->Illuminate\\Pipeline\\{closure}(Object(Illuminate\\Http\\Request))
#26 /home/admin/web/jpacademymeerut.com/public_html/principal_laravel/vendor/laravel/framework/src/Illuminate/Pipeline/Pipeline.php(173): Illuminate\\Foundation\\Http\\Middleware\\CheckForMaintenanceMode->handle(Object(Illuminate\\Http\\Request), Object(Closure))
#27 /home/admin/web/jpacademymeerut.com/public_html/principal_laravel/vendor/fideloper/proxy/src/TrustProxies.php(57): Illuminate\\Pipeline\\Pipeline->Illuminate\\Pipeline\\{closure}(Object(Illuminate\\Http\\Request))
#28 /home/admin/web/jpacademymeerut.com/public_html/principal_laravel/vendor/laravel/framework/src/Illuminate/Pipeline/Pipeline.php(173): Fideloper\\Proxy\\TrustProxies->handle(Object(Illuminate\\Http\\Request), Object(Closure))
#29 /home/admin/web/jpacademymeerut.com/public_html/principal_laravel/vendor/laravel/framework/src/Illuminate/Pipeline/Pipeline.php(107): Illuminate\\Pipeline\\Pipeline->Illuminate\\Pipeline\\{closure}(Object(Illuminate\\Http\\Request))
#30 /home/admin/web/jpacademymeerut.com/public_html/principal_laravel/vendor/laravel/framework/src/Illuminate/Foundation/Http/Kernel.php(151): Illuminate\\Pipeline\\Pipeline->then(Object(Closure))
#31 /home/admin/web/jpacademymeerut.com/public_html/principal_laravel/vendor/laravel/framework/src/Illuminate/Foundation/Http/Kernel.php(116): Illuminate\\Foundation\\Http\\Kernel->sendRequestThroughRouter(Object(Illuminate\\Http\\Request))
#32 /home/admin/web/jpacademymeerut.com/public_html/principal_laravel/public/index.php(55): Illuminate\\Foundation\\Http\\Kernel->handle(Object(Illuminate\\Http\\Request))
#33 {main}
"} 
